\BOOKMARK [-1][-]{part.1}{I Introduction and Title Page}{}% 1
\BOOKMARK [0][-]{chapter.1.1}{Title Page}{part.1}% 2
\BOOKMARK [1][-]{section.1.1.1}{1st Paragraph}{chapter.1.1}% 3
\BOOKMARK [2][-]{subsection.1.1.1.1}{Principles and Tags}{section.1.1.1}% 4
\BOOKMARK [2][-]{subsection.1.1.1.2}{Comments}{section.1.1.1}% 5
\BOOKMARK [2][-]{subsection.1.1.1.3}{Likening}{section.1.1.1}% 6
\BOOKMARK [2][-]{subsection.1.1.1.4}{Additional References}{section.1.1.1}% 7
\BOOKMARK [1][-]{section.1.1.2}{2nd Paragraph}{chapter.1.1}% 8
\BOOKMARK [2][-]{subsection.1.1.2.1}{Definitions}{section.1.1.2}% 9
\BOOKMARK [2][-]{subsection.1.1.2.2}{Principles and Tags}{section.1.1.2}% 10
\BOOKMARK [2][-]{subsection.1.1.2.3}{Comments}{section.1.1.2}% 11
\BOOKMARK [2][-]{subsection.1.1.2.4}{Likening}{section.1.1.2}% 12
\BOOKMARK [2][-]{subsection.1.1.2.5}{Additional References}{section.1.1.2}% 13
\BOOKMARK [1][-]{section.1.1.3}{3rd Paragraph}{chapter.1.1}% 14
\BOOKMARK [2][-]{subsection.1.1.3.1}{Definitions}{section.1.1.3}% 15
\BOOKMARK [2][-]{subsection.1.1.3.2}{Principles and Tags}{section.1.1.3}% 16
\BOOKMARK [2][-]{subsection.1.1.3.3}{Comments}{section.1.1.3}% 17
\BOOKMARK [2][-]{subsection.1.1.3.4}{Likening}{section.1.1.3}% 18
\BOOKMARK [2][-]{subsection.1.1.3.5}{Additional References}{section.1.1.3}% 19
\BOOKMARK [1][-]{section.1.1.4}{4th Paragraph}{chapter.1.1}% 20
\BOOKMARK [2][-]{subsection.1.1.4.1}{Definitions}{section.1.1.4}% 21
\BOOKMARK [2][-]{subsection.1.1.4.2}{Principles and Tags}{section.1.1.4}% 22
\BOOKMARK [2][-]{subsection.1.1.4.3}{Comments}{section.1.1.4}% 23
\BOOKMARK [2][-]{subsection.1.1.4.4}{Likening}{section.1.1.4}% 24
\BOOKMARK [2][-]{subsection.1.1.4.5}{Additional References}{section.1.1.4}% 25
\BOOKMARK [1][-]{section.1.1.5}{General Comments on chapter:titlePage}{chapter.1.1}% 26
\BOOKMARK [0][-]{chapter.1.2}{Introduction}{part.1}% 27
\BOOKMARK [1][-]{section.1.2.1}{1st Paragraph}{chapter.1.2}% 28
\BOOKMARK [2][-]{subsection.1.2.1.1}{Definitions}{section.1.2.1}% 29
\BOOKMARK [2][-]{subsection.1.2.1.2}{Principles and Tags}{section.1.2.1}% 30
\BOOKMARK [2][-]{subsection.1.2.1.3}{Comments}{section.1.2.1}% 31
\BOOKMARK [2][-]{subsection.1.2.1.4}{Likening}{section.1.2.1}% 32
\BOOKMARK [2][-]{subsection.1.2.1.5}{Additional References}{section.1.2.1}% 33
\BOOKMARK [1][-]{section.1.2.2}{2nd Paragraph}{chapter.1.2}% 34
\BOOKMARK [2][-]{subsection.1.2.2.1}{Definitions}{section.1.2.2}% 35
\BOOKMARK [2][-]{subsection.1.2.2.2}{Principles and Tags}{section.1.2.2}% 36
\BOOKMARK [2][-]{subsection.1.2.2.3}{Comments}{section.1.2.2}% 37
\BOOKMARK [2][-]{subsection.1.2.2.4}{Likening}{section.1.2.2}% 38
\BOOKMARK [2][-]{subsection.1.2.2.5}{Additional References}{section.1.2.2}% 39
\BOOKMARK [1][-]{section.1.2.3}{3rd Paragraph}{chapter.1.2}% 40
\BOOKMARK [2][-]{subsection.1.2.3.1}{Definitions}{section.1.2.3}% 41
\BOOKMARK [2][-]{subsection.1.2.3.2}{Principles and Tags}{section.1.2.3}% 42
\BOOKMARK [2][-]{subsection.1.2.3.3}{Comments}{section.1.2.3}% 43
\BOOKMARK [2][-]{subsection.1.2.3.4}{Likening}{section.1.2.3}% 44
\BOOKMARK [2][-]{subsection.1.2.3.5}{Additional References}{section.1.2.3}% 45
\BOOKMARK [1][-]{section.1.2.4}{4th Paragraph}{chapter.1.2}% 46
\BOOKMARK [2][-]{subsection.1.2.4.1}{Definitions}{section.1.2.4}% 47
\BOOKMARK [2][-]{subsection.1.2.4.2}{Principles and Tags}{section.1.2.4}% 48
\BOOKMARK [2][-]{subsection.1.2.4.3}{Comments}{section.1.2.4}% 49
\BOOKMARK [2][-]{subsection.1.2.4.4}{Likening}{section.1.2.4}% 50
\BOOKMARK [2][-]{subsection.1.2.4.5}{Additional References}{section.1.2.4}% 51
\BOOKMARK [1][-]{section.1.2.5}{5th Paragraph}{chapter.1.2}% 52
\BOOKMARK [2][-]{subsection.1.2.5.1}{Definitions}{section.1.2.5}% 53
\BOOKMARK [2][-]{subsection.1.2.5.2}{Principles and Tags}{section.1.2.5}% 54
\BOOKMARK [2][-]{subsection.1.2.5.3}{Comments}{section.1.2.5}% 55
\BOOKMARK [2][-]{subsection.1.2.5.4}{Likening}{section.1.2.5}% 56
\BOOKMARK [2][-]{subsection.1.2.5.5}{Additional References}{section.1.2.5}% 57
\BOOKMARK [1][-]{section.1.2.6}{6th Paragraph}{chapter.1.2}% 58
\BOOKMARK [2][-]{subsection.1.2.6.1}{Definitions}{section.1.2.6}% 59
\BOOKMARK [2][-]{subsection.1.2.6.2}{Principles and Tags}{section.1.2.6}% 60
\BOOKMARK [2][-]{subsection.1.2.6.3}{Comments}{section.1.2.6}% 61
\BOOKMARK [2][-]{subsection.1.2.6.4}{Likening}{section.1.2.6}% 62
\BOOKMARK [2][-]{subsection.1.2.6.5}{Additional References}{section.1.2.6}% 63
\BOOKMARK [1][-]{section.1.2.7}{7th Paragraph}{chapter.1.2}% 64
\BOOKMARK [2][-]{subsection.1.2.7.1}{Definitions}{section.1.2.7}% 65
\BOOKMARK [2][-]{subsection.1.2.7.2}{Principles and Tags}{section.1.2.7}% 66
\BOOKMARK [2][-]{subsection.1.2.7.3}{Comments}{section.1.2.7}% 67
\BOOKMARK [2][-]{subsection.1.2.7.4}{Likening}{section.1.2.7}% 68
\BOOKMARK [2][-]{subsection.1.2.7.5}{Additional References}{section.1.2.7}% 69
\BOOKMARK [1][-]{section.1.2.8}{8th Paragraph}{chapter.1.2}% 70
\BOOKMARK [2][-]{subsection.1.2.8.1}{Definitions}{section.1.2.8}% 71
\BOOKMARK [2][-]{subsection.1.2.8.2}{Principles and Tags}{section.1.2.8}% 72
\BOOKMARK [2][-]{subsection.1.2.8.3}{Comments}{section.1.2.8}% 73
\BOOKMARK [2][-]{subsection.1.2.8.4}{Likening}{section.1.2.8}% 74
\BOOKMARK [2][-]{subsection.1.2.8.5}{Additional References}{section.1.2.8}% 75
\BOOKMARK [1][-]{section.1.2.9}{9th Paragraph}{chapter.1.2}% 76
\BOOKMARK [2][-]{subsection.1.2.9.1}{Definitions}{section.1.2.9}% 77
\BOOKMARK [2][-]{subsection.1.2.9.2}{Principles and Tags}{section.1.2.9}% 78
\BOOKMARK [2][-]{subsection.1.2.9.3}{Comments}{section.1.2.9}% 79
\BOOKMARK [2][-]{subsection.1.2.9.4}{Likening}{section.1.2.9}% 80
\BOOKMARK [2][-]{subsection.1.2.9.5}{Additional References}{section.1.2.9}% 81
\BOOKMARK [1][-]{section.1.2.10}{General Comments on chapter:intro}{chapter.1.2}% 82
\BOOKMARK [0][-]{chapter.1.3}{Testimonies of the Witnesses}{part.1}% 83
\BOOKMARK [1][-]{section.1.3.1}{Three Witnesses}{chapter.1.3}% 84
\BOOKMARK [2][-]{subsection.1.3.1.1}{Principles and Tags}{section.1.3.1}% 85
\BOOKMARK [2][-]{subsection.1.3.1.2}{Comments}{section.1.3.1}% 86
\BOOKMARK [2][-]{subsection.1.3.1.3}{Likening}{section.1.3.1}% 87
\BOOKMARK [2][-]{subsection.1.3.1.4}{Additional References}{section.1.3.1}% 88
\BOOKMARK [1][-]{section.1.3.2}{Eight Witnesses}{chapter.1.3}% 89
\BOOKMARK [2][-]{subsection.1.3.2.1}{Definitions}{section.1.3.2}% 90
\BOOKMARK [2][-]{subsection.1.3.2.2}{Principles and Tags}{section.1.3.2}% 91
\BOOKMARK [2][-]{subsection.1.3.2.3}{Comments}{section.1.3.2}% 92
\BOOKMARK [2][-]{subsection.1.3.2.4}{Likening}{section.1.3.2}% 93
\BOOKMARK [2][-]{subsection.1.3.2.5}{Additional References}{section.1.3.2}% 94
\BOOKMARK [1][-]{section.1.3.3}{Testimony of Joseph Smith}{chapter.1.3}% 95
\BOOKMARK [2][-]{subsection.1.3.3.1}{1st paragraph}{section.1.3.3}% 96
\BOOKMARK [2][-]{subsection.1.3.3.2}{2nd paragraph}{section.1.3.3}% 97
\BOOKMARK [2][-]{subsection.1.3.3.3}{3rd paragraph}{section.1.3.3}% 98
\BOOKMARK [2][-]{subsection.1.3.3.4}{4th Paragraph}{section.1.3.3}% 99
\BOOKMARK [2][-]{subsection.1.3.3.5}{5th Paragraph}{section.1.3.3}% 100
\BOOKMARK [2][-]{subsection.1.3.3.6}{6th Paragraph}{section.1.3.3}% 101
\BOOKMARK [2][-]{subsection.1.3.3.7}{7th Paragraph}{section.1.3.3}% 102
\BOOKMARK [2][-]{subsection.1.3.3.8}{8th Paragraph}{section.1.3.3}% 103
\BOOKMARK [2][-]{subsection.1.3.3.9}{9th Paragraph}{section.1.3.3}% 104
\BOOKMARK [2][-]{subsection.1.3.3.10}{10th Paragraph}{section.1.3.3}% 105
\BOOKMARK [2][-]{subsection.1.3.3.11}{11th Paragraph}{section.1.3.3}% 106
\BOOKMARK [2][-]{subsection.1.3.3.12}{12th Paragraph}{section.1.3.3}% 107
\BOOKMARK [2][-]{subsection.1.3.3.13}{13th Paragraph}{section.1.3.3}% 108
\BOOKMARK [2][-]{subsection.1.3.3.14}{14th Paragraph}{section.1.3.3}% 109
\BOOKMARK [2][-]{subsection.1.3.3.15}{15th Paragraph}{section.1.3.3}% 110
\BOOKMARK [2][-]{subsection.1.3.3.16}{16th Paragraph}{section.1.3.3}% 111
\BOOKMARK [2][-]{subsection.1.3.3.17}{17th Paragraph}{section.1.3.3}% 112
\BOOKMARK [2][-]{subsection.1.3.3.18}{18th Paragraph}{section.1.3.3}% 113
\BOOKMARK [2][-]{subsection.1.3.3.19}{19th Paragraph}{section.1.3.3}% 114
\BOOKMARK [2][-]{subsection.1.3.3.20}{20th Paragraph}{section.1.3.3}% 115
\BOOKMARK [2][-]{subsection.1.3.3.21}{21st Paragraph}{section.1.3.3}% 116
\BOOKMARK [2][-]{subsection.1.3.3.22}{22nd Paragraph}{section.1.3.3}% 117
\BOOKMARK [2][-]{subsection.1.3.3.23}{23rd Paragraph}{section.1.3.3}% 118
\BOOKMARK [2][-]{subsection.1.3.3.24}{24th and 25th Paragraphs}{section.1.3.3}% 119
\BOOKMARK [1][-]{section.1.3.4}{General Comments on chapter:testimonies}{chapter.1.3}% 120
\BOOKMARK [-1][-]{part.2}{II The First Book of Nephi}{}% 121
\BOOKMARK [0][-]{section.2.0.1}{Introduction}{part.2}% 122
\BOOKMARK [1][-]{subsection.2.0.1.1}{Definitions}{section.2.0.1}% 123
\BOOKMARK [2][-]{subsection.2.0.1.2}{Principles and Tags}{subsection.2.0.1.1}% 124
\BOOKMARK [2][-]{subsection.2.0.1.3}{Comments}{subsection.2.0.1.1}% 125
\BOOKMARK [2][-]{subsection.2.0.1.4}{Likening}{subsection.2.0.1.1}% 126
\BOOKMARK [2][-]{subsection.2.0.1.5}{Additional References}{subsection.2.0.1.1}% 127
\BOOKMARK [0][-]{chapter.2.1}{1 Nephi 1}{part.2}% 128
\BOOKMARK [1][-]{section.2.1.1}{Verse 1}{chapter.2.1}% 129
\BOOKMARK [2][-]{subsection.2.1.1.1}{Definitions}{section.2.1.1}% 130
\BOOKMARK [2][-]{subsection.2.1.1.2}{Principles and Tags}{section.2.1.1}% 131
\BOOKMARK [2][-]{subsection.2.1.1.3}{Comments}{section.2.1.1}% 132
\BOOKMARK [2][-]{subsection.2.1.1.4}{Likening}{section.2.1.1}% 133
\BOOKMARK [2][-]{subsection.2.1.1.5}{Additional References}{section.2.1.1}% 134
\BOOKMARK [1][-]{section.2.1.2}{Verse 2}{chapter.2.1}% 135
\BOOKMARK [2][-]{subsection.2.1.2.1}{Principles and Tags}{section.2.1.2}% 136
\BOOKMARK [2][-]{subsection.2.1.2.2}{Comments}{section.2.1.2}% 137
\BOOKMARK [2][-]{subsection.2.1.2.3}{Additional References}{section.2.1.2}% 138
\BOOKMARK [1][-]{section.2.1.3}{Verse 3}{chapter.2.1}% 139
\BOOKMARK [2][-]{subsection.2.1.3.1}{Principles and Tags}{section.2.1.3}% 140
\BOOKMARK [2][-]{subsection.2.1.3.2}{Comments}{section.2.1.3}% 141
\BOOKMARK [2][-]{subsection.2.1.3.3}{Additional References}{section.2.1.3}% 142
\BOOKMARK [1][-]{section.2.1.4}{Verse 4}{chapter.2.1}% 143
\BOOKMARK [2][-]{subsection.2.1.4.1}{Definitions}{section.2.1.4}% 144
\BOOKMARK [2][-]{subsection.2.1.4.2}{Principles and Tags}{section.2.1.4}% 145
\BOOKMARK [2][-]{subsection.2.1.4.3}{Comments}{section.2.1.4}% 146
\BOOKMARK [2][-]{subsection.2.1.4.4}{Additional References}{section.2.1.4}% 147
\BOOKMARK [1][-]{section.2.1.5}{Verse 5}{chapter.2.1}% 148
\BOOKMARK [2][-]{subsection.2.1.5.1}{Definitions}{section.2.1.5}% 149
\BOOKMARK [2][-]{subsection.2.1.5.2}{Principles and Tags}{section.2.1.5}% 150
\BOOKMARK [2][-]{subsection.2.1.5.3}{Comments}{section.2.1.5}% 151
\BOOKMARK [2][-]{subsection.2.1.5.4}{Additional References}{section.2.1.5}% 152
\BOOKMARK [1][-]{section.2.1.6}{Verse 6}{chapter.2.1}% 153
\BOOKMARK [2][-]{subsection.2.1.6.1}{Definitions}{section.2.1.6}% 154
\BOOKMARK [2][-]{subsection.2.1.6.2}{Principles and Tags}{section.2.1.6}% 155
\BOOKMARK [2][-]{subsection.2.1.6.3}{Comments}{section.2.1.6}% 156
\BOOKMARK [2][-]{subsection.2.1.6.4}{Additional References}{section.2.1.6}% 157
\BOOKMARK [1][-]{section.2.1.7}{Verse 7}{chapter.2.1}% 158
\BOOKMARK [2][-]{subsection.2.1.7.1}{Definitions}{section.2.1.7}% 159
\BOOKMARK [2][-]{subsection.2.1.7.2}{Principles and Tags}{section.2.1.7}% 160
\BOOKMARK [2][-]{subsection.2.1.7.3}{Comments}{section.2.1.7}% 161
\BOOKMARK [2][-]{subsection.2.1.7.4}{Additional References}{section.2.1.7}% 162
